<?xml version="1.0" encoding="UTF-8"?>
<coverage generated="1738712186316" clover="3.2.0">
  <project timestamp="1738712186316" name="All files">
    <metrics statements="17" coveredstatements="17" conditionals="1" coveredconditionals="1" methods="7" coveredmethods="7" elements="25" coveredelements="25" complexity="0" loc="17" ncloc="17" packages="1" files="1" classes="1"/>
    <file name="MemorySystem.ts" path="/Users/pedram/Projects/asm-bots/src/memory/MemorySystem.ts">
      <metrics statements="17" coveredstatements="17" conditionals="1" coveredconditionals="1" methods="7" coveredmethods="7"/>
      <line num="5" count="1" type="stmt"/>
      <line num="8" count="10" type="stmt"/>
      <line num="11" count="10" type="stmt"/>
      <line num="12" count="10" type="stmt"/>
      <line num="21" count="10" type="stmt"/>
      <line num="22" count="10" type="stmt"/>
      <line num="32" count="12" type="stmt"/>
      <line num="33" count="12" type="cond" truecount="1" falsecount="0"/>
      <line num="34" count="2" type="stmt"/>
      <line num="36" count="10" type="stmt"/>
      <line num="44" count="4" type="stmt"/>
      <line num="45" count="4" type="stmt"/>
      <line num="53" count="2" type="stmt"/>
      <line num="54" count="2" type="stmt"/>
      <line num="63" count="16" type="stmt"/>
      <line num="64" count="16" type="stmt"/>
      <line num="74" count="44" type="stmt"/>
    </file>
  </project>
</coverage>
