{"/Users/pedram/Projects/asm-bots/src/memory/MemorySystem.ts": {"path":"/Users/pedram/Projects/asm-bots/src/memory/MemorySystem.ts","statementMap":{"0":{"start":{"line":8,"column":21},"end":{"line":8,"column":42}},"1":{"start":{"line":11,"column":8},"end":{"line":11,"column":48}},"2":{"start":{"line":12,"column":8},"end":{"line":12,"column":42}},"3":{"start":{"line":21,"column":34},"end":{"line":21,"column":64}},"4":{"start":{"line":22,"column":8},"end":{"line":22,"column":46}},"5":{"start":{"line":32,"column":34},"end":{"line":32,"column":64}},"6":{"start":{"line":33,"column":8},"end":{"line":35,"column":9}},"7":{"start":{"line":34,"column":12},"end":{"line":34,"column":106}},"8":{"start":{"line":36,"column":8},"end":{"line":36,"column":54}},"9":{"start":{"line":44,"column":34},"end":{"line":44,"column":64}},"10":{"start":{"line":45,"column":8},"end":{"line":45,"column":53}},"11":{"start":{"line":53,"column":34},"end":{"line":53,"column":64}},"12":{"start":{"line":54,"column":8},"end":{"line":54,"column":56}},"13":{"start":{"line":63,"column":34},"end":{"line":63,"column":64}},"14":{"start":{"line":64,"column":8},"end":{"line":64,"column":60}},"15":{"start":{"line":74,"column":8},"end":{"line":74,"column":63}},"16":{"start":{"line":5,"column":0},"end":{"line":5,"column":13}}},"fnMap":{"0":{"name":"(anonymous_0)","decl":{"start":{"line":10,"column":4},"end":{"line":10,"column":null}},"loc":{"start":{"line":10,"column":4},"end":{"line":13,"column":5}}},"1":{"name":"(anonymous_1)","decl":{"start":{"line":20,"column":11},"end":{"line":20,"column":15}},"loc":{"start":{"line":20,"column":31},"end":{"line":23,"column":5}}},"2":{"name":"(anonymous_2)","decl":{"start":{"line":31,"column":11},"end":{"line":31,"column":16}},"loc":{"start":{"line":31,"column":47},"end":{"line":37,"column":5}}},"3":{"name":"(anonymous_3)","decl":{"start":{"line":43,"column":11},"end":{"line":43,"column":18}},"loc":{"start":{"line":43,"column":34},"end":{"line":46,"column":5}}},"4":{"name":"(anonymous_4)","decl":{"start":{"line":52,"column":11},"end":{"line":52,"column":20}},"loc":{"start":{"line":52,"column":36},"end":{"line":55,"column":5}}},"5":{"name":"(anonymous_5)","decl":{"start":{"line":62,"column":11},"end":{"line":62,"column":22}},"loc":{"start":{"line":62,"column":38},"end":{"line":65,"column":5}}},"6":{"name":"(anonymous_6)","decl":{"start":{"line":72,"column":12},"end":{"line":72,"column":28}},"loc":{"start":{"line":72,"column":44},"end":{"line":75,"column":5}}}},"branchMap":{"0":{"loc":{"start":{"line":33,"column":8},"end":{"line":35,"column":9}},"type":"if","locations":[{"start":{"line":33,"column":8},"end":{"line":35,"column":9}}]}},"s":{"0":10,"1":10,"2":10,"3":10,"4":10,"5":12,"6":12,"7":2,"8":10,"9":4,"10":4,"11":2,"12":2,"13":16,"14":16,"15":44,"16":1},"f":{"0":10,"1":10,"2":12,"3":4,"4":2,"5":16,"6":44},"b":{"0":[2]}}
}
