TN:
SF:src/memory/MemorySystem.ts
FN:10,(anonymous_0)
FN:20,(anonymous_1)
FN:31,(anonymous_2)
FN:43,(anonymous_3)
FN:52,(anonymous_4)
FN:62,(anonymous_5)
FN:72,(anonymous_6)
FNF:7
FNH:7
FNDA:10,(anonymous_0)
FNDA:10,(anonymous_1)
FNDA:12,(anonymous_2)
FNDA:4,(anonymous_3)
FNDA:2,(anonymous_4)
FNDA:16,(anonymous_5)
FNDA:44,(anonymous_6)
DA:5,1
DA:8,10
DA:11,10
DA:12,10
DA:21,10
DA:22,10
DA:32,12
DA:33,12
DA:34,2
DA:36,10
DA:44,4
DA:45,4
DA:53,2
DA:54,2
DA:63,16
DA:64,16
DA:74,44
LF:17
LH:17
BRDA:33,0,0,2
BRF:1
BRH:1
end_of_record
